<?xml version="1.0" encoding="UTF-8"?>
<!-- Generated by org.testng.reporters.JUnitXMLReporter -->
<testsuite ignored="0" hostname="MacBook-Pro-de-solvd.local" failures="0" tests="2" name="Incremental progress bar" time="85.105" errors="0" timestamp="2022-10-31T13:59:40 ART">
  <testcase classname="org.mja123.appiumPractice.android.externalApp.ProgressBarTest" name="emptyProgressBar" time="38.741"/>
  <testcase classname="org.mja123.appiumPractice.android.externalApp.ProgressBarTest" name="fullProgressBar" time="39.269"/>
</testsuite> <!-- Incremental progress bar -->
