<?xml version="1.0" encoding="UTF-8"?>
<!-- Generated by org.testng.reporters.JUnitXMLReporter -->
<testsuite ignored="1" hostname="MacBook-Pro-de-solvd.local" failures="0" tests="3" name="ScrollingOptions" time="36.525" errors="0" timestamp="2022-10-21T16:32:01 ART">
  <testcase classname="org.mja123.appiumPractice.android.externalApp.ScrollTest" name="searchElementScrolling" time="9.487"/>
  <testcase classname="org.mja123.appiumPractice.android.externalApp.ScrollTest" name="searchElementWithOutScroll" time="2.21"/>
  <testcase classname="org.mja123.appiumPractice.android.externalApp.ScrollTest" name="searchNonexistentElement" time="8.072"/>
  <testcase classname="org.mja123.appiumPractice.android.externalApp.ScrollTest" name="scrollWithUiScrollableToElement" time="0.0">
    <ignored/>
  </testcase> <!-- scrollWithUiScrollableToElement -->
</testsuite> <!-- ScrollingOptions -->
