<?xml version="1.0" encoding="UTF-8"?>
<!-- Generated by org.testng.reporters.JUnitXMLReporter -->
<testsuite ignored="3" hostname="MacBook-Pro-de-solvd.local" failures="0" tests="1" name="ScrollCoordinates" time="11.396" errors="0" timestamp="2022-10-21T16:32:17 ART">
  <testcase classname="org.mja123.appiumPractice.android.externalApp.ScrollTest" name="scrollWithUiScrollableToElement" time="8.019"/>
  <testcase classname="org.mja123.appiumPractice.android.externalApp.ScrollTest" name="searchElementScrolling" time="0.0">
    <ignored/>
  </testcase> <!-- searchElementScrolling -->
  <testcase classname="org.mja123.appiumPractice.android.externalApp.ScrollTest" name="searchNonexistentElement" time="0.0">
    <ignored/>
  </testcase> <!-- searchNonexistentElement -->
  <testcase classname="org.mja123.appiumPractice.android.externalApp.ScrollTest" name="searchElementWithOutScroll" time="0.0">
    <ignored/>
  </testcase> <!-- searchElementWithOutScroll -->
</testsuite> <!-- ScrollCoordinates -->
