<?xml version="1.0" encoding="UTF-8"?>
<testng-results ignored="0" total="2" passed="2" failed="0" skipped="0">
  <reporter-output>
  </reporter-output>
  <suite started-at="2022-10-31T13:58:10 ART" name="Progress Bar" finished-at="2022-10-31T13:59:35 ART" duration-ms="85105">
    <groups>
    </groups>
    <test started-at="2022-10-31T13:58:10 ART" name="Incremental progress bar" finished-at="2022-10-31T13:59:35 ART" duration-ms="85105">
      <class name="org.mja123.appiumPractice.android.externalApp.ProgressBarTest">
        <test-method is-config="true" signature="setUp(java.lang.String,java.lang.String,java.lang.String,java.lang.String,java.lang.String,java.lang.String)[pri:0, instance:org.mja123.appiumPractice.android.externalApp.ProgressBarTest@d62fe5b]" started-at="2022-10-31T13:58:10 ART" name="setUp" finished-at="2022-10-31T13:58:13 ART" duration-ms="3661" status="PASS">
          <params>
            <param index="0">
              <value>
                <![CDATA[Android]]>
              </value>
            </param>
            <param index="1">
              <value>
                <![CDATA[UiAutomator2]]>
              </value>
            </param>
            <param index="2">
              <value>
                <![CDATA[12.0]]>
              </value>
            </param>
            <param index="3">
              <value>
                <![CDATA[Android Emulator]]>
              </value>
            </param>
            <param index="4">
              <value>
                <![CDATA[/app/ApiDemos-debug.apk]]>
              </value>
            </param>
            <param index="5">
              <value>
                <![CDATA[]]>
              </value>
            </param>
          </params>
          <reporter-output>
          </reporter-output>
        </test-method> <!-- setUp -->
        <test-method signature="emptyProgressBar()[pri:0, instance:org.mja123.appiumPractice.android.externalApp.ProgressBarTest@d62fe5b]" started-at="2022-10-31T13:58:13 ART" name="emptyProgressBar" finished-at="2022-10-31T13:58:52 ART" duration-ms="38741" status="PASS">
          <reporter-output>
          </reporter-output>
        </test-method> <!-- emptyProgressBar -->
        <test-method is-config="true" signature="tearDown()[pri:0, instance:org.mja123.appiumPractice.android.externalApp.ProgressBarTest@d62fe5b]" started-at="2022-10-31T13:58:52 ART" name="tearDown" finished-at="2022-10-31T13:58:52 ART" duration-ms="111" status="PASS">
          <reporter-output>
          </reporter-output>
        </test-method> <!-- tearDown -->
        <test-method is-config="true" signature="setUp(java.lang.String,java.lang.String,java.lang.String,java.lang.String,java.lang.String,java.lang.String)[pri:0, instance:org.mja123.appiumPractice.android.externalApp.ProgressBarTest@d62fe5b]" started-at="2022-10-31T13:58:52 ART" name="setUp" finished-at="2022-10-31T13:58:55 ART" duration-ms="3203" status="PASS">
          <params>
            <param index="0">
              <value>
                <![CDATA[Android]]>
              </value>
            </param>
            <param index="1">
              <value>
                <![CDATA[UiAutomator2]]>
              </value>
            </param>
            <param index="2">
              <value>
                <![CDATA[12.0]]>
              </value>
            </param>
            <param index="3">
              <value>
                <![CDATA[Android Emulator]]>
              </value>
            </param>
            <param index="4">
              <value>
                <![CDATA[/app/ApiDemos-debug.apk]]>
              </value>
            </param>
            <param index="5">
              <value>
                <![CDATA[]]>
              </value>
            </param>
          </params>
          <reporter-output>
          </reporter-output>
        </test-method> <!-- setUp -->
        <test-method signature="fullProgressBar()[pri:0, instance:org.mja123.appiumPractice.android.externalApp.ProgressBarTest@d62fe5b]" started-at="2022-10-31T13:58:55 ART" name="fullProgressBar" finished-at="2022-10-31T13:59:35 ART" duration-ms="39269" status="PASS">
          <reporter-output>
          </reporter-output>
        </test-method> <!-- fullProgressBar -->
        <test-method is-config="true" signature="tearDown()[pri:0, instance:org.mja123.appiumPractice.android.externalApp.ProgressBarTest@d62fe5b]" started-at="2022-10-31T13:59:35 ART" name="tearDown" finished-at="2022-10-31T13:59:35 ART" duration-ms="105" status="PASS">
          <reporter-output>
          </reporter-output>
        </test-method> <!-- tearDown -->
      </class> <!-- org.mja123.appiumPractice.android.externalApp.ProgressBarTest -->
    </test> <!-- Incremental progress bar -->
  </suite> <!-- Progress Bar -->
</testng-results>
