<?xml version="1.0" encoding="UTF-8"?>
<testng-results ignored="4" total="8" passed="4" failed="0" skipped="0">
  <reporter-output>
  </reporter-output>
  <suite started-at="2022-10-21T16:31:19 ART" name="Scroll" finished-at="2022-10-21T16:32:12 ART" duration-ms="52975">
    <groups>
      <group name="scrolling">
        <method signature="ScrollTest.searchElementScrolling()[pri:0, instance:org.mja123.appiumPractice.android.externalApp.ScrollTest@6fe7aac8]" name="searchElementScrolling" class="org.mja123.appiumPractice.android.externalApp.ScrollTest"/>
        <method signature="ScrollTest.searchElementWithOutScroll()[pri:0, instance:org.mja123.appiumPractice.android.externalApp.ScrollTest@6fe7aac8]" name="searchElementWithOutScroll" class="org.mja123.appiumPractice.android.externalApp.ScrollTest"/>
        <method signature="ScrollTest.searchNonexistentElement()[pri:0, instance:org.mja123.appiumPractice.android.externalApp.ScrollTest@6fe7aac8]" name="searchNonexistentElement" class="org.mja123.appiumPractice.android.externalApp.ScrollTest"/>
      </group> <!-- scrolling -->
    </groups>
    <test started-at="2022-10-21T16:31:19 ART" name="ScrollingOptions" finished-at="2022-10-21T16:31:56 ART" duration-ms="36525">
      <class name="org.mja123.appiumPractice.android.externalApp.ScrollTest">
        <test-method is-config="true" signature="setUp(java.lang.String,java.lang.String,java.lang.String,java.lang.String,java.lang.String,java.lang.String)[pri:0, instance:org.mja123.appiumPractice.android.externalApp.ScrollTest@6fe7aac8]" started-at="2022-10-21T16:31:19 ART" name="setUp" finished-at="2022-10-21T16:31:29 ART" duration-ms="9872" status="PASS">
          <params>
            <param index="0">
              <value>
                <![CDATA[Android]]>
              </value>
            </param>
            <param index="1">
              <value>
                <![CDATA[UiAutomator2]]>
              </value>
            </param>
            <param index="2">
              <value>
                <![CDATA[12.0]]>
              </value>
            </param>
            <param index="3">
              <value>
                <![CDATA[Android Emulator]]>
              </value>
            </param>
            <param index="4">
              <value>
                <![CDATA[/app/ApiDemos-debug.apk]]>
              </value>
            </param>
            <param index="5">
              <value>
                <![CDATA[]]>
              </value>
            </param>
          </params>
          <reporter-output>
          </reporter-output>
        </test-method> <!-- setUp -->
        <test-method signature="searchElementScrolling()[pri:0, instance:org.mja123.appiumPractice.android.externalApp.ScrollTest@6fe7aac8]" started-at="2022-10-21T16:31:29 ART" name="searchElementScrolling" finished-at="2022-10-21T16:31:39 ART" duration-ms="9487" status="PASS">
          <reporter-output>
          </reporter-output>
        </test-method> <!-- searchElementScrolling -->
        <test-method is-config="true" signature="tearDown()[pri:0, instance:org.mja123.appiumPractice.android.externalApp.ScrollTest@6fe7aac8]" started-at="2022-10-21T16:31:39 ART" name="tearDown" finished-at="2022-10-21T16:31:39 ART" duration-ms="117" status="PASS">
          <reporter-output>
          </reporter-output>
        </test-method> <!-- tearDown -->
        <test-method is-config="true" signature="setUp(java.lang.String,java.lang.String,java.lang.String,java.lang.String,java.lang.String,java.lang.String)[pri:0, instance:org.mja123.appiumPractice.android.externalApp.ScrollTest@6fe7aac8]" started-at="2022-10-21T16:31:39 ART" name="setUp" finished-at="2022-10-21T16:31:42 ART" duration-ms="3300" status="PASS">
          <params>
            <param index="0">
              <value>
                <![CDATA[Android]]>
              </value>
            </param>
            <param index="1">
              <value>
                <![CDATA[UiAutomator2]]>
              </value>
            </param>
            <param index="2">
              <value>
                <![CDATA[12.0]]>
              </value>
            </param>
            <param index="3">
              <value>
                <![CDATA[Android Emulator]]>
              </value>
            </param>
            <param index="4">
              <value>
                <![CDATA[/app/ApiDemos-debug.apk]]>
              </value>
            </param>
            <param index="5">
              <value>
                <![CDATA[]]>
              </value>
            </param>
          </params>
          <reporter-output>
          </reporter-output>
        </test-method> <!-- setUp -->
        <test-method signature="searchElementWithOutScroll()[pri:0, instance:org.mja123.appiumPractice.android.externalApp.ScrollTest@6fe7aac8]" started-at="2022-10-21T16:31:42 ART" name="searchElementWithOutScroll" finished-at="2022-10-21T16:31:44 ART" duration-ms="2210" status="PASS">
          <reporter-output>
          </reporter-output>
        </test-method> <!-- searchElementWithOutScroll -->
        <test-method is-config="true" signature="tearDown()[pri:0, instance:org.mja123.appiumPractice.android.externalApp.ScrollTest@6fe7aac8]" started-at="2022-10-21T16:31:44 ART" name="tearDown" finished-at="2022-10-21T16:31:44 ART" duration-ms="132" status="PASS">
          <reporter-output>
          </reporter-output>
        </test-method> <!-- tearDown -->
        <test-method is-config="true" signature="setUp(java.lang.String,java.lang.String,java.lang.String,java.lang.String,java.lang.String,java.lang.String)[pri:0, instance:org.mja123.appiumPractice.android.externalApp.ScrollTest@6fe7aac8]" started-at="2022-10-21T16:31:44 ART" name="setUp" finished-at="2022-10-21T16:31:48 ART" duration-ms="3219" status="PASS">
          <params>
            <param index="0">
              <value>
                <![CDATA[Android]]>
              </value>
            </param>
            <param index="1">
              <value>
                <![CDATA[UiAutomator2]]>
              </value>
            </param>
            <param index="2">
              <value>
                <![CDATA[12.0]]>
              </value>
            </param>
            <param index="3">
              <value>
                <![CDATA[Android Emulator]]>
              </value>
            </param>
            <param index="4">
              <value>
                <![CDATA[/app/ApiDemos-debug.apk]]>
              </value>
            </param>
            <param index="5">
              <value>
                <![CDATA[]]>
              </value>
            </param>
          </params>
          <reporter-output>
          </reporter-output>
        </test-method> <!-- setUp -->
        <test-method signature="searchNonexistentElement()[pri:0, instance:org.mja123.appiumPractice.android.externalApp.ScrollTest@6fe7aac8]" started-at="2022-10-21T16:31:48 ART" name="searchNonexistentElement" finished-at="2022-10-21T16:31:56 ART" duration-ms="8072" status="PASS">
          <exception class="org.openqa.selenium.NoSuchElementException">
            <message>
              <![CDATA[An element could not be located on the page using the given search parameters.
For documentation on this error, please visit: https://selenium.dev/exceptions/#no_such_element
Build info: version: '4.4.0', revision: 'e5c75ed026a'
System info: host: 'MacBook-Pro-de-solvd.local', ip: '2803:9800:b841:8018:5caa:7a1:5672:46b1%en0', os.name: 'Mac OS X', os.arch: 'aarch64', os.version: '12.6', java.version: '17.0.4'
Driver info: io.appium.java_client.android.AndroidDriver
Command: [bf46e5c1-32a2-4f7a-8d4f-783e4a60f575, findElement {using=-android uiautomator, value=new UiScrollable(new UiSelector().scrollable(true)).scrollIntoView(new UiSelector().text("fake element"))}]
Capabilities {appium:app: /Users/solvd/Desktop/appium..., appium:appPackage: io.appium.android.apis, appium:automationName: UiAutomator2, appium:databaseEnabled: false, appium:desired: {app: /Users/solvd/Desktop/appium..., automationName: UiAutomator2, deviceName: Android Emulator, platformName: android, platformVersion: 12.0}, appium:deviceApiLevel: 31, appium:deviceManufacturer: Google, appium:deviceModel: sdk_gphone64_arm64, appium:deviceName: emulator-5554, appium:deviceScreenDensity: 560, appium:deviceScreenSize: 1440x2560, appium:deviceUDID: emulator-5554, appium:javascriptEnabled: true, appium:locationContextEnabled: false, appium:networkConnectionEnabled: true, appium:pixelRatio: 3.5, appium:platformVersion: 12, appium:statBarHeight: 84, appium:takesScreenshot: true, appium:viewportRect: {height: 2308, left: 0, top: 84, width: 1440}, appium:warnings: {}, appium:webStorageEnabled: false, platformName: ANDROID}
Session ID: bf46e5c1-32a2-4f7a-8d4f-783e4a60f575]]>
            </message>
            <full-stacktrace>
              <![CDATA[org.openqa.selenium.NoSuchElementException: An element could not be located on the page using the given search parameters.
For documentation on this error, please visit: https://selenium.dev/exceptions/#no_such_element
Build info: version: '4.4.0', revision: 'e5c75ed026a'
System info: host: 'MacBook-Pro-de-solvd.local', ip: '2803:9800:b841:8018:5caa:7a1:5672:46b1%en0', os.name: 'Mac OS X', os.arch: 'aarch64', os.version: '12.6', java.version: '17.0.4'
Driver info: io.appium.java_client.android.AndroidDriver
Command: [bf46e5c1-32a2-4f7a-8d4f-783e4a60f575, findElement {using=-android uiautomator, value=new UiScrollable(new UiSelector().scrollable(true)).scrollIntoView(new UiSelector().text("fake element"))}]
Capabilities {appium:app: /Users/solvd/Desktop/appium..., appium:appPackage: io.appium.android.apis, appium:automationName: UiAutomator2, appium:databaseEnabled: false, appium:desired: {app: /Users/solvd/Desktop/appium..., automationName: UiAutomator2, deviceName: Android Emulator, platformName: android, platformVersion: 12.0}, appium:deviceApiLevel: 31, appium:deviceManufacturer: Google, appium:deviceModel: sdk_gphone64_arm64, appium:deviceName: emulator-5554, appium:deviceScreenDensity: 560, appium:deviceScreenSize: 1440x2560, appium:deviceUDID: emulator-5554, appium:javascriptEnabled: true, appium:locationContextEnabled: false, appium:networkConnectionEnabled: true, appium:pixelRatio: 3.5, appium:platformVersion: 12, appium:statBarHeight: 84, appium:takesScreenshot: true, appium:viewportRect: {height: 2308, left: 0, top: 84, width: 1440}, appium:warnings: {}, appium:webStorageEnabled: false, platformName: ANDROID}
Session ID: bf46e5c1-32a2-4f7a-8d4f-783e4a60f575
at java.base/jdk.internal.reflect.NativeConstructorAccessorImpl.newInstance0(Native Method)
at java.base/jdk.internal.reflect.NativeConstructorAccessorImpl.newInstance(NativeConstructorAccessorImpl.java:77)
at java.base/jdk.internal.reflect.DelegatingConstructorAccessorImpl.newInstance(DelegatingConstructorAccessorImpl.java:45)
at java.base/java.lang.reflect.Constructor.newInstanceWithCaller(Constructor.java:499)
at java.base/java.lang.reflect.Constructor.newInstance(Constructor.java:480)
at org.openqa.selenium.remote.codec.w3c.W3CHttpResponseCodec.createException(W3CHttpResponseCodec.java:200)
at org.openqa.selenium.remote.codec.w3c.W3CHttpResponseCodec.decode(W3CHttpResponseCodec.java:133)
at org.openqa.selenium.remote.codec.w3c.W3CHttpResponseCodec.decode(W3CHttpResponseCodec.java:53)
at org.openqa.selenium.remote.HttpCommandExecutor.execute(HttpCommandExecutor.java:184)
at io.appium.java_client.remote.AppiumCommandExecutor.execute(AppiumCommandExecutor.java:189)
at org.openqa.selenium.remote.RemoteWebDriver.execute(RemoteWebDriver.java:547)
at org.openqa.selenium.remote.ElementLocation$ElementFinder$2.findElement(ElementLocation.java:162)
at org.openqa.selenium.remote.ElementLocation.findElement(ElementLocation.java:66)
at org.openqa.selenium.remote.RemoteWebDriver.findElement(RemoteWebDriver.java:365)
at org.openqa.selenium.remote.RemoteWebDriver.findElement(RemoteWebDriver.java:357)
at org.mja123.appiumPractice.android.ApiDemo.view.ViewPage.scrollToElementUiScrollable(ViewPage.java:17)
at org.mja123.appiumPractice.android.ApiDemo.view.ViewPage.selectView(ViewPage.java:23)
at org.mja123.appiumPractice.android.externalApp.ScrollTest.searchNonexistentElement(ScrollTest.java:55)
at java.base/jdk.internal.reflect.NativeMethodAccessorImpl.invoke0(Native Method)
at java.base/jdk.internal.reflect.NativeMethodAccessorImpl.invoke(NativeMethodAccessorImpl.java:77)
at java.base/jdk.internal.reflect.DelegatingMethodAccessorImpl.invoke(DelegatingMethodAccessorImpl.java:43)
at java.base/java.lang.reflect.Method.invoke(Method.java:568)
at org.testng.internal.invokers.MethodInvocationHelper.invokeMethod(MethodInvocationHelper.java:139)
at org.testng.internal.invokers.TestInvoker.invokeMethod(TestInvoker.java:677)
at org.testng.internal.invokers.TestInvoker.invokeTestMethod(TestInvoker.java:221)
at org.testng.internal.invokers.MethodRunner.runInSequence(MethodRunner.java:50)
at org.testng.internal.invokers.TestInvoker$MethodInvocationAgent.invoke(TestInvoker.java:962)
at org.testng.internal.invokers.TestInvoker.invokeTestMethods(TestInvoker.java:194)
at org.testng.internal.invokers.TestMethodWorker.invokeTestMethods(TestMethodWorker.java:148)
at org.testng.internal.invokers.TestMethodWorker.run(TestMethodWorker.java:128)
at java.base/java.util.ArrayList.forEach(ArrayList.java:1511)
at org.testng.TestRunner.privateRun(TestRunner.java:806)
at org.testng.TestRunner.run(TestRunner.java:601)
at org.testng.SuiteRunner.runTest(SuiteRunner.java:433)
at org.testng.SuiteRunner.runSequentially(SuiteRunner.java:427)
at org.testng.SuiteRunner.privateRun(SuiteRunner.java:387)
at org.testng.SuiteRunner.run(SuiteRunner.java:330)
at org.testng.SuiteRunnerWorker.runSuite(SuiteRunnerWorker.java:52)
at org.testng.SuiteRunnerWorker.run(SuiteRunnerWorker.java:95)
at org.testng.TestNG.runSuitesSequentially(TestNG.java:1256)
at org.testng.TestNG.runSuitesLocally(TestNG.java:1176)
at org.testng.TestNG.runSuites(TestNG.java:1099)
at org.testng.TestNG.run(TestNG.java:1067)
at org.apache.maven.surefire.testng.TestNGExecutor.run(TestNGExecutor.java:324)
at org.apache.maven.surefire.testng.TestNGXmlTestSuite.execute(TestNGXmlTestSuite.java:74)
at org.apache.maven.surefire.testng.TestNGProvider.invoke(TestNGProvider.java:123)
at org.apache.maven.surefire.booter.ForkedBooter.runSuitesInProcess(ForkedBooter.java:456)
at org.apache.maven.surefire.booter.ForkedBooter.execute(ForkedBooter.java:169)
at org.apache.maven.surefire.booter.ForkedBooter.run(ForkedBooter.java:595)
at org.apache.maven.surefire.booter.ForkedBooter.main(ForkedBooter.java:581)
]]>
            </full-stacktrace>
          </exception> <!-- org.openqa.selenium.NoSuchElementException -->
          <reporter-output>
          </reporter-output>
        </test-method> <!-- searchNonexistentElement -->
        <test-method is-config="true" signature="tearDown()[pri:0, instance:org.mja123.appiumPractice.android.externalApp.ScrollTest@6fe7aac8]" started-at="2022-10-21T16:31:56 ART" name="tearDown" finished-at="2022-10-21T16:31:56 ART" duration-ms="93" status="PASS">
          <reporter-output>
          </reporter-output>
        </test-method> <!-- tearDown -->
      </class> <!-- org.mja123.appiumPractice.android.externalApp.ScrollTest -->
    </test> <!-- ScrollingOptions -->
    <test started-at="2022-10-21T16:32:01 ART" name="ScrollCoordinates" finished-at="2022-10-21T16:32:12 ART" duration-ms="11396">
      <class name="org.mja123.appiumPractice.android.externalApp.ScrollTest">
        <test-method is-config="true" signature="setUp(java.lang.String,java.lang.String,java.lang.String,java.lang.String,java.lang.String,java.lang.String)[pri:0, instance:org.mja123.appiumPractice.android.externalApp.ScrollTest@243c4f91]" started-at="2022-10-21T16:32:01 ART" name="setUp" finished-at="2022-10-21T16:32:04 ART" duration-ms="3280" status="PASS">
          <params>
            <param index="0">
              <value>
                <![CDATA[Android]]>
              </value>
            </param>
            <param index="1">
              <value>
                <![CDATA[UiAutomator2]]>
              </value>
            </param>
            <param index="2">
              <value>
                <![CDATA[12.0]]>
              </value>
            </param>
            <param index="3">
              <value>
                <![CDATA[Android Emulator]]>
              </value>
            </param>
            <param index="4">
              <value>
                <![CDATA[/app/ApiDemos-debug.apk]]>
              </value>
            </param>
            <param index="5">
              <value>
                <![CDATA[]]>
              </value>
            </param>
          </params>
          <reporter-output>
          </reporter-output>
        </test-method> <!-- setUp -->
        <test-method signature="scrollWithUiScrollableToElement()[pri:0, instance:org.mja123.appiumPractice.android.externalApp.ScrollTest@243c4f91]" started-at="2022-10-21T16:32:04 ART" name="scrollWithUiScrollableToElement" finished-at="2022-10-21T16:32:12 ART" duration-ms="8019" status="PASS">
          <reporter-output>
          </reporter-output>
        </test-method> <!-- scrollWithUiScrollableToElement -->
        <test-method is-config="true" signature="tearDown()[pri:0, instance:org.mja123.appiumPractice.android.externalApp.ScrollTest@243c4f91]" started-at="2022-10-21T16:32:12 ART" name="tearDown" finished-at="2022-10-21T16:32:12 ART" duration-ms="93" status="PASS">
          <reporter-output>
          </reporter-output>
        </test-method> <!-- tearDown -->
      </class> <!-- org.mja123.appiumPractice.android.externalApp.ScrollTest -->
    </test> <!-- ScrollCoordinates -->
  </suite> <!-- Scroll -->
</testng-results>
