<?xml version="1.0" encoding="UTF-8"?>
<!-- Generated by org.testng.reporters.JUnitXMLReporter -->
<testsuite ignored="2" hostname="MacBook-Pro-de-solvd.local" failures="0" tests="2" name="Drag and drop regression" time="14.282" errors="0" timestamp="2022-10-28T15:38:55 ART">
  <testcase classname="org.mja123.appiumPractice.android.externalApp.DragAndDropTest" name="checkResultText" time="3.848"/>
  <testcase classname="org.mja123.appiumPractice.android.externalApp.DragAndDropTest" name="dragAndDropValidDots" time="3.257"/>
  <testcase classname="org.mja123.appiumPractice.android.externalApp.DragAndDropTest" name="dragAndDropInvalidDot" time="0.0">
    <ignored/>
  </testcase> <!-- dragAndDropInvalidDot -->
  <testcase classname="org.mja123.appiumPractice.android.externalApp.DragAndDropTest" name="checkEmptyResultText" time="0.0">
    <ignored/>
  </testcase> <!-- checkEmptyResultText -->
</testsuite> <!-- Drag and drop regression -->
