<?xml version="1.0" encoding="UTF-8"?>
<!-- Generated by org.testng.reporters.JUnitXMLReporter -->
<testsuite ignored="2" hostname="MacBook-Pro-de-solvd.local" failures="0" tests="2" name="Drag and drop smoke" time="12.145" errors="0" timestamp="2022-10-28T15:39:12 ART">
  <testcase classname="org.mja123.appiumPractice.android.externalApp.DragAndDropTest" name="checkEmptyResultText" time="2.841"/>
  <testcase classname="org.mja123.appiumPractice.android.externalApp.DragAndDropTest" name="dragAndDropInvalidDot" time="2.667"/>
  <testcase classname="org.mja123.appiumPractice.android.externalApp.DragAndDropTest" name="checkResultText" time="0.0">
    <ignored/>
  </testcase> <!-- checkResultText -->
  <testcase classname="org.mja123.appiumPractice.android.externalApp.DragAndDropTest" name="dragAndDropValidDots" time="0.0">
    <ignored/>
  </testcase> <!-- dragAndDropValidDots -->
</testsuite> <!-- Drag and drop smoke -->
